<?xml version="1.0" encoding="UTF-8"?>
<!-- Generated by org.testng.reporters.JUnitXMLReporter -->
<testsuite ignored="0" hostname="DESKTOP-3SO37L3" failures="0" tests="5" name="AdminDashBoard page test" time="70.007" errors="0" timestamp="18 Feb 2022 22:39:24 GMT">
  <testcase classname="com.openmrs.tests.AdminDashBoardPageTest" name="validateAdminPageNameTest" time="0.035"/>
  <testcase classname="com.openmrs.tests.AdminDashBoardPageTest" name="verifyLocationLinkTest" time="0.065"/>
  <testcase classname="com.openmrs.tests.AdminDashBoardPageTest" name="validateAppsListTest" time="0.153"/>
  <testcase classname="com.openmrs.tests.AdminDashBoardPageTest" name="verifyLogoutLinkTest" time="0.097"/>
  <testcase classname="com.openmrs.tests.AdminDashBoardPageTest" name="verifyLogoutTest" time="0.926"/>
</testsuite> <!-- AdminDashBoard page test -->
