<?xml version="1.0" encoding="UTF-8"?>
<!-- Generated by org.testng.reporters.JUnitXMLReporter -->
<testsuite ignored="0" hostname="DESKTOP-3SO37L3" failures="0" tests="4" name="FindPatientRecord page test" time="77.111" errors="0" timestamp="18 Feb 2022 22:39:31 GMT">
  <testcase classname="com.openmrs.tests.FindPatientRecordPageTest" name="validatePageNameTest" time="0.044"/>
  <testcase classname="com.openmrs.tests.FindPatientRecordPageTest" name="verifyPatientSearchStatusTest" time="0.046"/>
  <testcase classname="com.openmrs.tests.FindPatientRecordPageTest" name="searchPatientTest" time="22.429"/>
  <testcase classname="com.openmrs.tests.FindPatientRecordPageTest" name="goToPatientPageTest" time="4.698"/>
</testsuite> <!-- FindPatientRecord page test -->
