<?xml version="1.0" encoding="UTF-8"?>
<!-- Generated by org.testng.reporters.JUnitXMLReporter -->
<testsuite ignored="0" hostname="DESKTOP-3SO37L3" failures="0" tests="9" name="login page test" time="69.349" errors="0" timestamp="18 Feb 2022 22:39:24 GMT">
  <testcase classname="com.openmrs.tests.LoginPageTest" name="verifyApplicationLogoTest" time="1.579"/>
  <testcase classname="com.openmrs.tests.LoginPageTest" name="validatePageTitleTest" time="0.051"/>
  <testcase classname="com.openmrs.tests.LoginPageTest" name="validateLocationsListTest" time="0.469"/>
  <testcase classname="com.openmrs.tests.LoginPageTest" name="verifyLoginButtonStatusTest" time="0.17"/>
  <testcase classname="com.openmrs.tests.LoginPageTest" name="verifyCantLoginLinkTest" time="0.075"/>
  <testcase classname="com.openmrs.tests.LoginPageTest" name="validateCantLoginMessageTest" time="0.452"/>
  <testcase classname="com.openmrs.tests.LoginPageTest" name="validateLoginWithoutLocationTest" time="0.438"/>
  <testcase classname="com.openmrs.tests.LoginPageTest" name="validateLoginOnlyWithLocationTest" time="1.103"/>
  <testcase classname="com.openmrs.tests.LoginPageTest" name="validateUserLoginTest" time="1.24"/>
</testsuite> <!-- login page test -->
