<?xml version="1.0" encoding="UTF-8"?>
<!-- Generated by org.testng.reporters.JUnitXMLReporter -->
<testsuite ignored="0" hostname="DESKTOP-3SO37L3" failures="0" tests="2" name="Patient page test" time="77.179" errors="0" timestamp="18 Feb 2022 22:39:31 GMT">
  <testcase classname="com.openmrs.tests.PatientPageTest" name="verifyGActionsLinkTest" time="0.045"/>
  <testcase classname="com.openmrs.tests.PatientPageTest" name="validateGActionsListTest" time="0.184"/>
</testsuite> <!-- Patient page test -->
