<?xml version="1.0" encoding="UTF-8"?>
<!-- Generated by org.testng.reporters.JUnitXMLReporter -->
<testsuite ignored="0" hostname="DESKTOP-3SO37L3" failures="0" tests="2" name="RegisterPatient page test" time="83.124" errors="0" timestamp="18 Feb 2022 22:39:37 GMT">
  <testcase classname="com.openmrs.tests.RegisterPatientPageTest" name="registerNewPatientTest" time="8.18"/>
  <testcase classname="com.openmrs.tests.RegisterPatientPageTest" name="registerNewPatientTest" time="6.942"/>
</testsuite> <!-- RegisterPatient page test -->
