<?xml version="1.0" encoding="UTF-8"?>
<testsuite xmlns:xsi="http://www.w3.org/2001/XMLSchema-instance" xsi:noNamespaceSchemaLocation="https://maven.apache.org/surefire/maven-surefire-plugin/xsd/surefire-test-report.xsd" name="TestSuite" time="85.731" tests="22" errors="0" skipped="0" failures="0">
  <properties>
[...]
</properties>
  <testcase name="verifyApplicationLogoTest" classname="com.openmrs.tests.LoginPageTest" time="0.51"/>
  <testcase name="validatePageTitleTest" classname="com.openmrs.tests.LoginPageTest" time="0.05"/>
  <testcase name="validateLocationsListTest" classname="com.openmrs.tests.LoginPageTest" time="0.469"/>
  <testcase name="verifyLoginButtonStatusTest" classname="com.openmrs.tests.LoginPageTest" time="0.173"/>
  <testcase name="verifyCantLoginLinkTest" classname="com.openmrs.tests.LoginPageTest" time="0.07"/>
  <testcase name="validateCantLoginMessageTest" classname="com.openmrs.tests.LoginPageTest" time="0.451"/>
  <testcase name="validateLoginWithoutLocationTest" classname="com.openmrs.tests.LoginPageTest" time="0.437"/>
  <testcase name="validateLoginOnlyWithLocationTest" classname="com.openmrs.tests.LoginPageTest" time="1.211"/>
  <testcase name="validateAdminPageNameTest" classname="com.openmrs.tests.AdminDashBoardPageTest" time="0.041"/>
  <testcase name="verifyLocationLinkTest" classname="com.openmrs.tests.AdminDashBoardPageTest" time="0.16"/>
  <testcase name="validateAppsListTest" classname="com.openmrs.tests.AdminDashBoardPageTest" time="0.151"/>
  <testcase name="verifyLogoutLinkTest" classname="com.openmrs.tests.AdminDashBoardPageTest" time="0.097"/>
  <testcase name="validateUserLoginTest" classname="com.openmrs.tests.LoginPageTest" time="0.145"/>
  <testcase name="verifyLogoutTest" classname="com.openmrs.tests.AdminDashBoardPageTest" time="1.034"/>
  <testcase name="validatePageNameTest" classname="com.openmrs.tests.FindPatientRecordPageTest" time="0.041"/>
  <testcase name="verifyPatientSearchStatusTest" classname="com.openmrs.tests.FindPatientRecordPageTest" time="0.18"/>
  <testcase name="verifyGActionsLinkTest" classname="com.openmrs.tests.PatientPageTest" time="0.053"/>
  <testcase name="searchPatientTest" classname="com.openmrs.tests.FindPatientRecordPageTest" time="0.053"/>
  <testcase name="validateGActionsListTest" classname="com.openmrs.tests.PatientPageTest" time="0.186"/>
  <testcase name="goToPatientPageTest" classname="com.openmrs.tests.FindPatientRecordPageTest" time="4.7"/>
  <testcase name="registerNewPatientTest" classname="com.openmrs.tests.RegisterPatientPageTest" time="7.047"/>
  <testcase name="registerNewPatientTest" classname="com.openmrs.tests.RegisterPatientPageTest" time="6.949"/>
</testsuite>